<?xml version="1.0" encoding="UTF-8"?>
<!-- Generated by org.testng.reporters.JUnitXMLReporter -->
<testsuite ignored="0" hostname="QT-INBG-LT0409" failures="0" tests="18" name="Default test" time="8.671" errors="0" timestamp="2022-06-16T18:34:13 IST">
  <testcase classname="mobileWorld.Order" name="launchBrowser" time="3.857"/>
  <testcase classname="mobileWorld.Order" name="enterFirstName" time="0.179"/>
  <testcase classname="mobileWorld.Order" name="enterLastName" time="0.121"/>
  <testcase classname="mobileWorld.Order" name="enterEmailId" time="0.082"/>
  <testcase classname="mobileWorld.Order" name="enterPassword" time="0.124"/>
  <testcase classname="mobileWorld.Order" name="selectGender" time="0.15"/>
  <testcase classname="mobileWorld.Order" name="enterNumber" time="0.131"/>
  <testcase classname="mobileWorld.Order" name="enterAddress1" time="0.118"/>
  <testcase classname="mobileWorld.Order" name="enterAddress2" time="0.091"/>
  <testcase classname="mobileWorld.Order" name="enterCity" time="0.088"/>
  <testcase classname="mobileWorld.Order" name="selectState" time="0.122"/>
  <testcase classname="mobileWorld.Order" name="enterZIP" time="0.124"/>
  <testcase classname="mobileWorld.Order" name="selectBrand" time="0.182"/>
  <testcase classname="mobileWorld.Order" name="selectModel" time="0.061"/>
  <testcase classname="mobileWorld.Order" name="enterCount" time="0.06"/>
  <testcase classname="mobileWorld.Order" name="selectHaveYouBought" time="0.113"/>
  <testcase classname="mobileWorld.Order" name="selectCheck" time="0.228"/>
  <testcase classname="mobileWorld.Order" name="selectOrder" time="2.763"/>
</testsuite> <!-- Default test -->
