<?xml version="1.0" encoding="UTF-8"?>
<testng-results ignored="0" total="18" passed="18" failed="0" skipped="0">
  <reporter-output>
  </reporter-output>
  <suite started-at="2022-06-16T18:34:04 IST" name="Default suite" finished-at="2022-06-16T18:34:13 IST" duration-ms="8671">
    <groups>
    </groups>
    <test started-at="2022-06-16T18:34:04 IST" name="Default test" finished-at="2022-06-16T18:34:13 IST" duration-ms="8671">
      <class name="mobileWorld.Order">
        <test-method signature="launchBrowser()[pri:1, instance:mobileWorld.Order@10d307f1]" started-at="2022-06-16T18:34:04 IST" name="launchBrowser" finished-at="2022-06-16T18:34:08 IST" duration-ms="3857" status="PASS">
          <reporter-output>
          </reporter-output>
        </test-method> <!-- launchBrowser -->
        <test-method signature="enterFirstName()[pri:2, instance:mobileWorld.Order@10d307f1]" started-at="2022-06-16T18:34:08 IST" name="enterFirstName" finished-at="2022-06-16T18:34:08 IST" duration-ms="179" status="PASS">
          <reporter-output>
          </reporter-output>
        </test-method> <!-- enterFirstName -->
        <test-method signature="enterLastName()[pri:3, instance:mobileWorld.Order@10d307f1]" started-at="2022-06-16T18:34:08 IST" name="enterLastName" finished-at="2022-06-16T18:34:09 IST" duration-ms="121" status="PASS">
          <reporter-output>
          </reporter-output>
        </test-method> <!-- enterLastName -->
        <test-method signature="enterEmailId()[pri:4, instance:mobileWorld.Order@10d307f1]" started-at="2022-06-16T18:34:09 IST" name="enterEmailId" finished-at="2022-06-16T18:34:09 IST" duration-ms="82" status="PASS">
          <reporter-output>
          </reporter-output>
        </test-method> <!-- enterEmailId -->
        <test-method signature="enterPassword()[pri:5, instance:mobileWorld.Order@10d307f1]" started-at="2022-06-16T18:34:09 IST" name="enterPassword" finished-at="2022-06-16T18:34:09 IST" duration-ms="124" status="PASS">
          <reporter-output>
          </reporter-output>
        </test-method> <!-- enterPassword -->
        <test-method signature="selectGender()[pri:6, instance:mobileWorld.Order@10d307f1]" started-at="2022-06-16T18:34:09 IST" name="selectGender" finished-at="2022-06-16T18:34:09 IST" duration-ms="150" status="PASS">
          <reporter-output>
          </reporter-output>
        </test-method> <!-- selectGender -->
        <test-method signature="enterNumber()[pri:7, instance:mobileWorld.Order@10d307f1]" started-at="2022-06-16T18:34:09 IST" name="enterNumber" finished-at="2022-06-16T18:34:09 IST" duration-ms="131" status="PASS">
          <reporter-output>
          </reporter-output>
        </test-method> <!-- enterNumber -->
        <test-method signature="enterAddress1()[pri:8, instance:mobileWorld.Order@10d307f1]" started-at="2022-06-16T18:34:09 IST" name="enterAddress1" finished-at="2022-06-16T18:34:09 IST" duration-ms="118" status="PASS">
          <reporter-output>
          </reporter-output>
        </test-method> <!-- enterAddress1 -->
        <test-method signature="enterAddress2()[pri:9, instance:mobileWorld.Order@10d307f1]" started-at="2022-06-16T18:34:09 IST" name="enterAddress2" finished-at="2022-06-16T18:34:09 IST" duration-ms="91" status="PASS">
          <reporter-output>
          </reporter-output>
        </test-method> <!-- enterAddress2 -->
        <test-method signature="enterCity()[pri:10, instance:mobileWorld.Order@10d307f1]" started-at="2022-06-16T18:34:09 IST" name="enterCity" finished-at="2022-06-16T18:34:09 IST" duration-ms="88" status="PASS">
          <reporter-output>
          </reporter-output>
        </test-method> <!-- enterCity -->
        <test-method signature="selectState()[pri:11, instance:mobileWorld.Order@10d307f1]" started-at="2022-06-16T18:34:09 IST" name="selectState" finished-at="2022-06-16T18:34:09 IST" duration-ms="122" status="PASS">
          <reporter-output>
          </reporter-output>
        </test-method> <!-- selectState -->
        <test-method signature="enterZIP()[pri:12, instance:mobileWorld.Order@10d307f1]" started-at="2022-06-16T18:34:09 IST" name="enterZIP" finished-at="2022-06-16T18:34:10 IST" duration-ms="124" status="PASS">
          <reporter-output>
          </reporter-output>
        </test-method> <!-- enterZIP -->
        <test-method signature="selectBrand()[pri:13, instance:mobileWorld.Order@10d307f1]" started-at="2022-06-16T18:34:10 IST" name="selectBrand" finished-at="2022-06-16T18:34:10 IST" duration-ms="182" status="PASS">
          <reporter-output>
          </reporter-output>
        </test-method> <!-- selectBrand -->
        <test-method signature="selectModel()[pri:14, instance:mobileWorld.Order@10d307f1]" started-at="2022-06-16T18:34:10 IST" name="selectModel" finished-at="2022-06-16T18:34:10 IST" duration-ms="61" status="PASS">
          <reporter-output>
          </reporter-output>
        </test-method> <!-- selectModel -->
        <test-method signature="enterCount()[pri:15, instance:mobileWorld.Order@10d307f1]" started-at="2022-06-16T18:34:10 IST" name="enterCount" finished-at="2022-06-16T18:34:10 IST" duration-ms="60" status="PASS">
          <reporter-output>
          </reporter-output>
        </test-method> <!-- enterCount -->
        <test-method signature="selectHaveYouBought()[pri:16, instance:mobileWorld.Order@10d307f1]" started-at="2022-06-16T18:34:10 IST" name="selectHaveYouBought" finished-at="2022-06-16T18:34:10 IST" duration-ms="113" status="PASS">
          <reporter-output>
          </reporter-output>
        </test-method> <!-- selectHaveYouBought -->
        <test-method signature="selectCheck()[pri:17, instance:mobileWorld.Order@10d307f1]" started-at="2022-06-16T18:34:10 IST" name="selectCheck" finished-at="2022-06-16T18:34:10 IST" duration-ms="228" status="PASS">
          <reporter-output>
          </reporter-output>
        </test-method> <!-- selectCheck -->
        <test-method signature="selectOrder()[pri:18, instance:mobileWorld.Order@10d307f1]" started-at="2022-06-16T18:34:10 IST" name="selectOrder" finished-at="2022-06-16T18:34:13 IST" duration-ms="2763" status="PASS">
          <reporter-output>
          </reporter-output>
        </test-method> <!-- selectOrder -->
      </class> <!-- mobileWorld.Order -->
    </test> <!-- Default test -->
  </suite> <!-- Default suite -->
</testng-results>
